Determining if the pthread_create exist failed with the following output:
Change Dir: /home/mattia/CLionProjects/Thesis/cmake-build-debug/CMakeFiles/CMakeTmp

Run Build Command:"/usr/bin/make" "cmTC_6cf39/fast"
/usr/bin/make -f CMakeFiles/cmTC_6cf39.dir/build.make CMakeFiles/cmTC_6cf39.dir/build
make[1]: Entering directory '/home/mattia/CLionProjects/Thesis/cmake-build-debug/CMakeFiles/CMakeTmp'
Building C object CMakeFiles/cmTC_6cf39.dir/CheckSymbolExists.c.o
/usr/bin/cc     -o CMakeFiles/cmTC_6cf39.dir/CheckSymbolExists.c.o   -c /home/mattia/CLionProjects/Thesis/cmake-build-debug/CMakeFiles/CMakeTmp/CheckSymbolExists.c
Linking C executable cmTC_6cf39
/home/mattia/Programmi/Clion/clion-2016.3.3/bin/cmake/bin/cmake -E cmake_link_script CMakeFiles/cmTC_6cf39.dir/link.txt --verbose=1
/usr/bin/cc       CMakeFiles/cmTC_6cf39.dir/CheckSymbolExists.c.o  -o cmTC_6cf39 -rdynamic 
CMakeFiles/cmTC_6cf39.dir/CheckSymbolExists.c.o: In function `main':
CheckSymbolExists.c:(.text+0x1b): undefined reference to `pthread_create'
collect2: error: ld returned 1 exit status
CMakeFiles/cmTC_6cf39.dir/build.make:97: recipe for target 'cmTC_6cf39' failed
make[1]: *** [cmTC_6cf39] Error 1
make[1]: Leaving directory '/home/mattia/CLionProjects/Thesis/cmake-build-debug/CMakeFiles/CMakeTmp'
Makefile:126: recipe for target 'cmTC_6cf39/fast' failed
make: *** [cmTC_6cf39/fast] Error 2

File /home/mattia/CLionProjects/Thesis/cmake-build-debug/CMakeFiles/CMakeTmp/CheckSymbolExists.c:
/* */
#include <pthread.h>

int main(int argc, char** argv)
{
  (void)argv;
#ifndef pthread_create
  return ((int*)(&pthread_create))[argc];
#else
  (void)argc;
  return 0;
#endif
}

Determining if the function pthread_create exists in the pthreads failed with the following output:
Change Dir: /home/mattia/CLionProjects/Thesis/cmake-build-debug/CMakeFiles/CMakeTmp

Run Build Command:"/usr/bin/make" "cmTC_de608/fast"
/usr/bin/make -f CMakeFiles/cmTC_de608.dir/build.make CMakeFiles/cmTC_de608.dir/build
make[1]: Entering directory '/home/mattia/CLionProjects/Thesis/cmake-build-debug/CMakeFiles/CMakeTmp'
Building C object CMakeFiles/cmTC_de608.dir/CheckFunctionExists.c.o
/usr/bin/cc    -DCHECK_FUNCTION_EXISTS=pthread_create   -o CMakeFiles/cmTC_de608.dir/CheckFunctionExists.c.o   -c /home/mattia/Programmi/Clion/clion-2016.3.3/bin/cmake/share/cmake-3.6/Modules/CheckFunctionExists.c
Linking C executable cmTC_de608
/home/mattia/Programmi/Clion/clion-2016.3.3/bin/cmake/bin/cmake -E cmake_link_script CMakeFiles/cmTC_de608.dir/link.txt --verbose=1
/usr/bin/cc   -DCHECK_FUNCTION_EXISTS=pthread_create    CMakeFiles/cmTC_de608.dir/CheckFunctionExists.c.o  -o cmTC_de608 -rdynamic -lpthreads 
/usr/bin/ld: cannot find -lpthreads
collect2: error: ld returned 1 exit status
CMakeFiles/cmTC_de608.dir/build.make:97: recipe for target 'cmTC_de608' failed
make[1]: *** [cmTC_de608] Error 1
make[1]: Leaving directory '/home/mattia/CLionProjects/Thesis/cmake-build-debug/CMakeFiles/CMakeTmp'
Makefile:126: recipe for target 'cmTC_de608/fast' failed
make: *** [cmTC_de608/fast] Error 2


Performing C++ SOURCE FILE Test COMPILER_SUPPORT_wd981 failed with the following output:
Change Dir: /home/mattia/CLionProjects/Thesis/cmake-build-debug/CMakeFiles/CMakeTmp

Run Build Command:"/usr/bin/make" "cmTC_5bb3b/fast"
/usr/bin/make -f CMakeFiles/cmTC_5bb3b.dir/build.make CMakeFiles/cmTC_5bb3b.dir/build
make[1]: Entering directory '/home/mattia/CLionProjects/Thesis/cmake-build-debug/CMakeFiles/CMakeTmp'
Building CXX object CMakeFiles/cmTC_5bb3b.dir/src.cxx.o
/usr/bin/c++     -fexceptions -pedantic -Wall -Wextra -Wundef -Wcast-align -Wchar-subscripts -Wnon-virtual-dtor -Wunused-local-typedefs -Wpointer-arith -Wwrite-strings -Wformat-security -Wno-psabi -Wno-variadic-macros -Wno-long-long -fno-check-new -fno-common -fstrict-aliasing -DCOMPILER_SUPPORT_wd981 -Werror   -wd981 -o CMakeFiles/cmTC_5bb3b.dir/src.cxx.o -c /home/mattia/CLionProjects/Thesis/cmake-build-debug/CMakeFiles/CMakeTmp/src.cxx
c++: error: unrecognized command line option '-wd981'
CMakeFiles/cmTC_5bb3b.dir/build.make:65: recipe for target 'CMakeFiles/cmTC_5bb3b.dir/src.cxx.o' failed
make[1]: *** [CMakeFiles/cmTC_5bb3b.dir/src.cxx.o] Error 1
make[1]: Leaving directory '/home/mattia/CLionProjects/Thesis/cmake-build-debug/CMakeFiles/CMakeTmp'
Makefile:126: recipe for target 'cmTC_5bb3b/fast' failed
make: *** [cmTC_5bb3b/fast] Error 2

Source file was:
int main() { return 0; }
Performing C++ SOURCE FILE Test COMPILER_SUPPORT_wd2304 failed with the following output:
Change Dir: /home/mattia/CLionProjects/Thesis/cmake-build-debug/CMakeFiles/CMakeTmp

Run Build Command:"/usr/bin/make" "cmTC_cecc1/fast"
/usr/bin/make -f CMakeFiles/cmTC_cecc1.dir/build.make CMakeFiles/cmTC_cecc1.dir/build
make[1]: Entering directory '/home/mattia/CLionProjects/Thesis/cmake-build-debug/CMakeFiles/CMakeTmp'
Building CXX object CMakeFiles/cmTC_cecc1.dir/src.cxx.o
/usr/bin/c++     -fexceptions -pedantic -Wall -Wextra -Wundef -Wcast-align -Wchar-subscripts -Wnon-virtual-dtor -Wunused-local-typedefs -Wpointer-arith -Wwrite-strings -Wformat-security -Wno-psabi -Wno-variadic-macros -Wno-long-long -fno-check-new -fno-common -fstrict-aliasing -DCOMPILER_SUPPORT_wd2304 -Werror   -wd2304 -o CMakeFiles/cmTC_cecc1.dir/src.cxx.o -c /home/mattia/CLionProjects/Thesis/cmake-build-debug/CMakeFiles/CMakeTmp/src.cxx
c++: error: unrecognized command line option '-wd2304'
CMakeFiles/cmTC_cecc1.dir/build.make:65: recipe for target 'CMakeFiles/cmTC_cecc1.dir/src.cxx.o' failed
make[1]: *** [CMakeFiles/cmTC_cecc1.dir/src.cxx.o] Error 1
make[1]: Leaving directory '/home/mattia/CLionProjects/Thesis/cmake-build-debug/CMakeFiles/CMakeTmp'
Makefile:126: recipe for target 'cmTC_cecc1/fast' failed
make: *** [cmTC_cecc1/fast] Error 2

Source file was:
int main() { return 0; }
Performing C++ SOURCE FILE Test COMPILER_SUPPORT_STRICTANSI failed with the following output:
Change Dir: /home/mattia/CLionProjects/Thesis/cmake-build-debug/CMakeFiles/CMakeTmp

Run Build Command:"/usr/bin/make" "cmTC_ad7aa/fast"
/usr/bin/make -f CMakeFiles/cmTC_ad7aa.dir/build.make CMakeFiles/cmTC_ad7aa.dir/build
make[1]: Entering directory '/home/mattia/CLionProjects/Thesis/cmake-build-debug/CMakeFiles/CMakeTmp'
Building CXX object CMakeFiles/cmTC_ad7aa.dir/src.cxx.o
/usr/bin/c++     -fexceptions -pedantic -Wall -Wextra -Wundef -Wcast-align -Wchar-subscripts -Wnon-virtual-dtor -Wunused-local-typedefs -Wpointer-arith -Wwrite-strings -Wformat-security -Wno-psabi -Wno-variadic-macros -Wno-long-long -fno-check-new -fno-common -fstrict-aliasing -DCOMPILER_SUPPORT_STRICTANSI -Werror   -strict-ansi -o CMakeFiles/cmTC_ad7aa.dir/src.cxx.o -c /home/mattia/CLionProjects/Thesis/cmake-build-debug/CMakeFiles/CMakeTmp/src.cxx
c++: error: unrecognized command line option '-strict-ansi'; did you mean '-fstrict-enums'?
CMakeFiles/cmTC_ad7aa.dir/build.make:65: recipe for target 'CMakeFiles/cmTC_ad7aa.dir/src.cxx.o' failed
make[1]: *** [CMakeFiles/cmTC_ad7aa.dir/src.cxx.o] Error 1
make[1]: Leaving directory '/home/mattia/CLionProjects/Thesis/cmake-build-debug/CMakeFiles/CMakeTmp'
Makefile:126: recipe for target 'cmTC_ad7aa/fast' failed
make: *** [cmTC_ad7aa/fast] Error 2

Source file was:
int main() { return 0; }
Performing C++ SOURCE FILE Test COMPILER_SUPPORT_Qunusedarguments failed with the following output:
Change Dir: /home/mattia/CLionProjects/Thesis/cmake-build-debug/CMakeFiles/CMakeTmp

Run Build Command:"/usr/bin/make" "cmTC_d9a5c/fast"
/usr/bin/make -f CMakeFiles/cmTC_d9a5c.dir/build.make CMakeFiles/cmTC_d9a5c.dir/build
make[1]: Entering directory '/home/mattia/CLionProjects/Thesis/cmake-build-debug/CMakeFiles/CMakeTmp'
Building CXX object CMakeFiles/cmTC_d9a5c.dir/src.cxx.o
/usr/bin/c++     -fexceptions -pedantic -Wall -Wextra -Wundef -Wcast-align -Wchar-subscripts -Wnon-virtual-dtor -Wunused-local-typedefs -Wpointer-arith -Wwrite-strings -Wformat-security -Wno-psabi -Wno-variadic-macros -Wno-long-long -fno-check-new -fno-common -fstrict-aliasing -DCOMPILER_SUPPORT_Qunusedarguments -Werror   -Qunused-arguments -o CMakeFiles/cmTC_d9a5c.dir/src.cxx.o -c /home/mattia/CLionProjects/Thesis/cmake-build-debug/CMakeFiles/CMakeTmp/src.cxx
c++: error: unrecognized command line option '-Qunused-arguments'; did you mean '-Wunused-argument'?
CMakeFiles/cmTC_d9a5c.dir/build.make:65: recipe for target 'CMakeFiles/cmTC_d9a5c.dir/src.cxx.o' failed
make[1]: *** [CMakeFiles/cmTC_d9a5c.dir/src.cxx.o] Error 1
make[1]: Leaving directory '/home/mattia/CLionProjects/Thesis/cmake-build-debug/CMakeFiles/CMakeTmp'
Makefile:126: recipe for target 'cmTC_d9a5c/fast' failed
make: *** [cmTC_d9a5c/fast] Error 2

Source file was:
int main() { return 0; }
Compiling the Fortran compiler identification source file "CMakeFortranCompilerId.F" failed.
Compiler: CMAKE_Fortran_COMPILER-NOTFOUND 
Build flags: 
Id flags: -v

The output was:
No such file or directory


Compiling the Fortran compiler identification source file "CMakeFortranCompilerId.F" failed.
Compiler: CMAKE_Fortran_COMPILER-NOTFOUND 
Build flags: 
Id flags: 

The output was:
No such file or directory


Compiling the Fortran compiler identification source file "CMakeFortranCompilerId.F" failed.
Compiler: CMAKE_Fortran_COMPILER-NOTFOUND 
Build flags: 
Id flags: -c

The output was:
No such file or directory


Compiling the Fortran compiler identification source file "CMakeFortranCompilerId.F" failed.
Compiler: CMAKE_Fortran_COMPILER-NOTFOUND 
Build flags: 
Id flags: -fpp

The output was:
No such file or directory


Compiling the Fortran compiler identification source file "CMakeFortranCompilerId.F" failed.
Compiler: CMAKE_Fortran_COMPILER-NOTFOUND 
Build flags: 
Id flags: -v

The output was:
No such file or directory


Compiling the Fortran compiler identification source file "CMakeFortranCompilerId.F" failed.
Compiler: CMAKE_Fortran_COMPILER-NOTFOUND 
Build flags: 
Id flags: 

The output was:
No such file or directory


Compiling the Fortran compiler identification source file "CMakeFortranCompilerId.F" failed.
Compiler: CMAKE_Fortran_COMPILER-NOTFOUND 
Build flags: 
Id flags: -c

The output was:
No such file or directory


Compiling the Fortran compiler identification source file "CMakeFortranCompilerId.F" failed.
Compiler: CMAKE_Fortran_COMPILER-NOTFOUND 
Build flags: 
Id flags: -fpp

The output was:
No such file or directory


